Arguments: 
  /usr/local/bin/node /usr/local/bin/yarn

PATH: 
  /usr/local/bin:/usr/bin:/bin:/usr/sbin:/sbin

Yarn version: 
  1.22.4

Node version: 
  12.18.0

Platform: 
  darwin x64

Trace: 
  Error: http://registry.npm.qiwoo.org/@q%2fsofe-eslint: ETIMEDOUT
      at Timeout._onTimeout (/usr/local/lib/node_modules/yarn/lib/cli.js:141408:19)
      at listOnTimeout (internal/timers.js:549:17)
      at processTimers (internal/timers.js:492:7)

npm manifest: 
  {
    "name": "eslint-prettier-demo",
    "version": "1.0.0",
    "description": "eslint-prettier-demo",
    "main": "index.js",
    "scripts": {
      "precommit": "pretty-quick --staged --pattern src/** && lint-staged",
      "lint": "eslint ./ --ext .js,.vue",
      "format": "pretty-quick --pattern \"**/*.*(js|vue)\""
    },
    "repository": {
      "type": "git",
      "url": "git+https://github.com/zhtzjz/eslint-prettier-demo.git"
    },
    "keywords": [
      "eslint",
      "prettire"
    ],
    "author": "zhaohuan <zhaohuan1@360.cn>",
    "license": "ISC",
    "bugs": {
      "url": "https://github.com/zhtzjz/eslint-prettier-demo/issues"
    },
    "homepage": "https://github.com/zhtzjz/eslint-prettier-demo#readme",
    "devDependencies": {
      "@q/sofe-eslint": "^1.0.5",
      "eslint": "^7.2.0",
      "eslint-config-prettier": "^6.11.0",
      "eslint-plugin-prettier": "^3.1.3",
      "husk": "^0.5.3",
      "husky": "^4.2.5",
      "lint-staged": "^10.2.9",
      "prettier": "^2.0.5",
      "pretty-quick": "0.0.5"
    },
    "lint-staged": {
      "*.js": "eslint"
    },
    "husky": {
      "hooks": {
        "pre-commit": "npm run precommit"
      }
    }
  }

yarn manifest: 
  No manifest

Lockfile: 
  No lockfile
